<?xml version="1.0" encoding="UTF-8"?>
<!-- Generated by org.testng.reporters.JUnitXMLReporter -->
<testsuite ignored="1" hostname="DESKTOP-6BUO763" failures="1" tests="5" name="Personal loan" time="0.107" errors="0" timestamp="2021-12-28T07:17:12 IST">
  <testcase classname="TestPack.Start" name="Test" time="0.006"/>
  <testcase classname="TestPack.Start" name="Test2" time="0.008">
    <failure type="java.lang.AssertionError" message="expected [true] but found [false]">
      <![CDATA[java.lang.AssertionError: expected [true] but found [false]
at TestPack.Start.Test2(Start.java:22)
at java.base/java.util.ArrayList.forEach(ArrayList.java:1511)
... Removed 31 stack frames]]>
    </failure>
  </testcase> <!-- Test2 -->
  <testcase classname="TestPack.Start4" name="LoginAPIHomeLoan" time="0.003"/>
  <testcase classname="TestPack.Start4" name="MobileLoginHomeLoan" time="0.005"/>
  <testcase classname="TestPack.Start4" name="WebLoginHomeLoan" time="0.007"/>
  <testcase classname="TestPack.Start2" name="ploan" time="0.0">
    <ignored/>
  </testcase> <!-- ploan -->
</testsuite> <!-- Personal loan -->
